Using pre-set license
Built from '2020.3/staging' branch; Version is '2020.3.30f1 (1fb1bf06830e) revision 2077119'; Using compiler version '192528614'; Build Type 'Release'
OS: 'Windows 10  (10.0.19044) 64bit Professional' Language: 'es' Physical Memory: 16305 MB
BatchMode: 1, IsHumanControllingUs: 0, StartBugReporterOnCrash: 0, Is64bit: 1, IsPro: 0

COMMAND LINE ARGUMENTS:
C:\Program Files\Unity\Hub\Editor\2020.3.30f1\Editor\Unity.exe
-adb2
-batchMode
-noUpm
-name
AssetImportWorker0
-projectPath
C:/Users/marin/Documents/GitHub/Practica2_3D/New Unity Project
-logFile
Logs/AssetImportWorker0.log
-srvPort
63785
Successfully changed project path to: C:/Users/marin/Documents/GitHub/Practica2_3D/New Unity Project
C:/Users/marin/Documents/GitHub/Practica2_3D/New Unity Project
Using Asset Import Pipeline V2.
Refreshing native plugins compatible for Editor in 30.01 ms, found 2 plugins.
Preloading 0 native plugins for Editor in 0.00 ms.
Initialize engine version: 2020.3.30f1 (1fb1bf06830e)
[Subsystems] Discovering subsystems at path C:/Program Files/Unity/Hub/Editor/2020.3.30f1/Editor/Data/Resources/UnitySubsystems
[Subsystems] Discovering subsystems at path C:/Users/marin/Documents/GitHub/Practica2_3D/New Unity Project/Assets
GfxDevice: creating device client; threaded=0
Direct3D:
    Version:  Direct3D 11.0 [level 11.1]
    Renderer: NVIDIA GeForce GTX 1050 Ti (ID=0x1c82)
    Vendor:   
    VRAM:     4018 MB
    Driver:   27.21.14.6192
Initialize mono
Mono path[0] = 'C:/Program Files/Unity/Hub/Editor/2020.3.30f1/Editor/Data/Managed'
Mono path[1] = 'C:/Program Files/Unity/Hub/Editor/2020.3.30f1/Editor/Data/MonoBleedingEdge/lib/mono/unityjit'
Mono config path = 'C:/Program Files/Unity/Hub/Editor/2020.3.30f1/Editor/Data/MonoBleedingEdge/etc'
Using monoOptions --debugger-agent=transport=dt_socket,embedding=1,server=y,suspend=n,address=127.0.0.1:56676
Begin MonoManager ReloadAssembly
Registering precompiled unity dll's ...
Register platform support module: C:/Program Files/Unity/Hub/Editor/2020.3.30f1/Editor/Data/PlaybackEngines/WindowsStandaloneSupport/UnityEditor.WindowsStandalone.Extensions.dll
Registered in 0.001936 seconds.
Native extension for WindowsStandalone target not found
Refreshing native plugins compatible for Editor in 29.82 ms, found 2 plugins.
Preloading 0 native plugins for Editor in 0.00 ms.
Mono: successfully reloaded assembly
- Completed reload, in  0.497 seconds
Domain Reload Profiling:
	ReloadAssembly (498ms)
		BeginReloadAssembly (56ms)
			ExecutionOrderSort (0ms)
			DisableScriptedObjects (0ms)
			BackupInstance (0ms)
			ReleaseScriptingObjects (0ms)
			CreateAndSetChildDomain (1ms)
		EndReloadAssembly (375ms)
			LoadAssemblies (54ms)
			RebuildTransferFunctionScriptingTraits (0ms)
			SetupTypeCache (124ms)
			ReleaseScriptCaches (0ms)
			RebuildScriptCaches (26ms)
			SetupLoadedEditorAssemblies (138ms)
				LogAssemblyErrors (0ms)
				InitializePlatformSupportModulesInManaged (3ms)
				SetLoadedEditorAssemblies (0ms)
				RefreshPlugins (30ms)
				BeforeProcessingInitializeOnLoad (9ms)
				ProcessInitializeOnLoadAttributes (70ms)
				ProcessInitializeOnLoadMethodAttributes (26ms)
				AfterProcessingInitializeOnLoad (0ms)
				EditorAssembliesLoaded (0ms)
			ExecutionOrderSort2 (0ms)
			AwakeInstancesAfterBackupRestoration (0ms)
Platform modules already initialized, skipping
Registering precompiled user dll's ...
Registered in 0.003063 seconds.
Begin MonoManager ReloadAssembly
Symbol file data-000001DDF03BE830 doesn't match image C:\Users\marin\Documents\GitHub\Practica2_3D\New Unity Project\Library\ScriptAssemblies\Unity.Services.Core.Editor.dll
Symbol file LoadedFromMemory is not a mono symbol file
Symbol file data-000001DDEC6C1610 doesn't match image C:\Users\marin\Documents\GitHub\Practica2_3D\New Unity Project\Library\ScriptAssemblies\Unity.VSCode.Editor.dll
Symbol file LoadedFromMemory is not a mono symbol file
Symbol file data-000001DDF0BE2010 doesn't match image C:\Users\marin\Documents\GitHub\Practica2_3D\New Unity Project\Library\ScriptAssemblies\Unity.TextMeshPro.Editor.dll
Symbol file LoadedFromMemory is not a mono symbol file
Symbol file data-000001DDF03BE830 doesn't match image C:\Users\marin\Documents\GitHub\Practica2_3D\New Unity Project\Library\ScriptAssemblies\Unity.VisualStudio.Editor.dll
Symbol file LoadedFromMemory is not a mono symbol file
Symbol file data-000001DDEFCAAC00 doesn't match image C:\Users\marin\Documents\GitHub\Practica2_3D\New Unity Project\Library\ScriptAssemblies\UnityEngine.TestRunner.dll
Symbol file LoadedFromMemory is not a mono symbol file
Symbol file data-000001DDF0837020 doesn't match image C:\Users\marin\Documents\GitHub\Practica2_3D\New Unity Project\Library\ScriptAssemblies\Unity.Timeline.Editor.dll
Symbol file LoadedFromMemory is not a mono symbol file
Symbol file data-000001DDEFCAAC00 doesn't match image C:\Users\marin\Documents\GitHub\Practica2_3D\New Unity Project\Library\ScriptAssemblies\Unity.Timeline.dll
Symbol file LoadedFromMemory is not a mono symbol file
Symbol file data-000001DDF0856430 doesn't match image C:\Users\marin\Documents\GitHub\Practica2_3D\New Unity Project\Library\ScriptAssemblies\Unity.TextMeshPro.dll
Symbol file LoadedFromMemory is not a mono symbol file
Symbol file data-000001DDEFCAAC00 doesn't match image C:\Users\marin\Documents\GitHub\Practica2_3D\New Unity Project\Library\ScriptAssemblies\Unity.CollabProxy.Editor.dll
Symbol file LoadedFromMemory is not a mono symbol file
Symbol file data-000001DDEC8D5E20 doesn't match image C:\Users\marin\Documents\GitHub\Practica2_3D\New Unity Project\Library\ScriptAssemblies\UnityEditor.TestRunner.dll
Symbol file LoadedFromMemory is not a mono symbol file
Symbol file data-000001DDF03BE830 doesn't match image C:\Users\marin\Documents\GitHub\Practica2_3D\New Unity Project\Library\ScriptAssemblies\UnityEditor.UI.dll
Symbol file LoadedFromMemory is not a mono symbol file
Symbol file data-000001DDEFE4F010 doesn't match image C:\Users\marin\Documents\GitHub\Practica2_3D\New Unity Project\Library\ScriptAssemblies\Unity.PlasticSCM.Editor.dll
Symbol file LoadedFromMemory is not a mono symbol file
Symbol file data-000001DDF09B3C30 doesn't match image C:\Users\marin\Documents\GitHub\Practica2_3D\New Unity Project\Library\ScriptAssemblies\Unity.Rider.Editor.dll
Symbol file LoadedFromMemory is not a mono symbol file
Symbol file data-000001DDEC4CD230 doesn't match image C:\Users\marin\Documents\GitHub\Practica2_3D\New Unity Project\Library\ScriptAssemblies\UnityEngine.UI.dll
Symbol file LoadedFromMemory is not a mono symbol file
Native extension for WindowsStandalone target not found
Refreshing native plugins compatible for Editor in 0.34 ms, found 2 plugins.
Preloading 0 native plugins for Editor in 0.00 ms.
Mono: successfully reloaded assembly
- Completed reload, in  0.838 seconds
Domain Reload Profiling:
	ReloadAssembly (839ms)
		BeginReloadAssembly (136ms)
			ExecutionOrderSort (0ms)
			DisableScriptedObjects (4ms)
			BackupInstance (0ms)
			ReleaseScriptingObjects (0ms)
			CreateAndSetChildDomain (17ms)
		EndReloadAssembly (647ms)
			LoadAssemblies (83ms)
			RebuildTransferFunctionScriptingTraits (0ms)
			SetupTypeCache (222ms)
			ReleaseScriptCaches (0ms)
			RebuildScriptCaches (36ms)
			SetupLoadedEditorAssemblies (240ms)
				LogAssemblyErrors (0ms)
				InitializePlatformSupportModulesInManaged (4ms)
				SetLoadedEditorAssemblies (0ms)
				RefreshPlugins (0ms)
				BeforeProcessingInitializeOnLoad (50ms)
				ProcessInitializeOnLoadAttributes (171ms)
				ProcessInitializeOnLoadMethodAttributes (8ms)
				AfterProcessingInitializeOnLoad (6ms)
				EditorAssembliesLoaded (0ms)
			ExecutionOrderSort2 (0ms)
			AwakeInstancesAfterBackupRestoration (5ms)
Platform modules already initialized, skipping
========================================================================
Worker process is ready to serve import requests
Launched and connected shader compiler UnityShaderCompiler.exe after 0.05 seconds
Refreshing native plugins compatible for Editor in 0.32 ms, found 2 plugins.
Preloading 0 native plugins for Editor in 0.00 ms.
Unloading 1502 Unused Serialized files (Serialized files now loaded: 0)
System memory in use before: 69.3 MB.
System memory in use after: 69.3 MB.

Unloading 16 unused Assets to reduce memory usage. Loaded Objects now: 1938.
Total: 2.597600 ms (FindLiveObjects: 0.136000 ms CreateObjectMapping: 0.036500 ms MarkObjects: 2.364600 ms  DeleteObjects: 0.059700 ms)

AssetImportParameters requested are different than current active one (requested -> active):
  custom:framework-win-MediaFoundation: 216162199b28c13a410421893ffa2e32 -> 
  custom:video-decoder-ogg-theora: a1e56fd34408186e4bbccfd4996cb3dc -> 
  custom:container-muxer-webm: aa71ff27fc2769a1b78a27578f13a17b -> 
  custom:container-demuxer-webm: 4f35f7cbe854078d1ac9338744f61a02 -> 
  custom:container-demuxer-ogg: 62fdf1f143b41e24485cea50d1cbac27 -> 
  custom:video-encoder-webm-vp8: eb34c28f22e8b96e1ab97ce403110664 -> 
  custom:video-decoder-webm-vp8: 9c59270c3fd7afecdb556c50c9e8de78 -> 
  custom:audio-decoder-ogg-vorbis: bf7c407c2cedff20999df2af8eb42d56 -> 
  custom:audio-encoder-webm-vorbis: bf7c407c2cedff20999df2af8eb42d56 -> 
========================================================================
Received Import Request.
  path: Assets/Marina_Escenario/AlmacenDefinitivo2.fbx
  artifactKey: Guid(5fcd21047f83f6943b5586e0ec6571f8) Importer(815301076,1909f56bfc062723c751e8b465ee728b)
Start importing Assets/Marina_Escenario/AlmacenDefinitivo2.fbx using Guid(5fcd21047f83f6943b5586e0ec6571f8) Importer(815301076,1909f56bfc062723c751e8b465ee728b)  -> (artifact id: '9641d41e94a76b9557ff11ba8ddf2426') in 0.113336 seconds 
========================================================================
Received Import Request.
  Time since last request: 0.000164 seconds.
  path: Assets/Marina_Escenario/Escenario_Marinat.fbx
  artifactKey: Guid(9d022f7a997a5b243a0e9e4bf2b41232) Importer(815301076,1909f56bfc062723c751e8b465ee728b)
Start importing Assets/Marina_Escenario/Escenario_Marinat.fbx using Guid(9d022f7a997a5b243a0e9e4bf2b41232) Importer(815301076,1909f56bfc062723c751e8b465ee728b)  -> (artifact id: 'ae476fdf13562c43961a05e7b57d1c00') in 0.066599 seconds 
========================================================================
Received Import Request.
  Time since last request: 0.000152 seconds.
  path: Assets/Marina_Escenario
  artifactKey: Guid(1581e3a8837a8bd4f9aebdd5d99ca3a6) Importer(815301076,1909f56bfc062723c751e8b465ee728b)
Start importing Assets/Marina_Escenario using Guid(1581e3a8837a8bd4f9aebdd5d99ca3a6) Importer(815301076,1909f56bfc062723c751e8b465ee728b)  -> (artifact id: '68539f033c559d769847072782e3bfcb') in 0.002336 seconds 
========================================================================
Received Import Request.
  Time since last request: 3.525410 seconds.
  path: Assets/Marina_Escenario/Escenario_Marina.unity
  artifactKey: Guid(3723d5087b633194c8592e5226677aaa) Importer(815301076,1909f56bfc062723c751e8b465ee728b)
Start importing Assets/Marina_Escenario/Escenario_Marina.unity using Guid(3723d5087b633194c8592e5226677aaa) Importer(815301076,1909f56bfc062723c751e8b465ee728b)  -> (artifact id: 'c8333b6a02901c0ea98a5e774851314b') in 0.005611 seconds 
========================================================================
Received Import Request.
  Time since last request: 52.710602 seconds.
  path: Assets/Marina_Escenario/LuzAlmacen.fbx
  artifactKey: Guid(1b65633936cf9e24fb346926bc32a3c7) Importer(815301076,1909f56bfc062723c751e8b465ee728b)
Start importing Assets/Marina_Escenario/LuzAlmacen.fbx using Guid(1b65633936cf9e24fb346926bc32a3c7) Importer(815301076,1909f56bfc062723c751e8b465ee728b)  -> (artifact id: '35c4f75f05a8565c6be9c26d2292012d') in 0.027772 seconds 
========================================================================
Received Import Request.
  Time since last request: 93.173007 seconds.
  path: Assets/Marina_Escenario/AssetsMarina
  artifactKey: Guid(a3eca616b69db1f458a2ab47f4c637aa) Importer(815301076,1909f56bfc062723c751e8b465ee728b)
Start importing Assets/Marina_Escenario/AssetsMarina using Guid(a3eca616b69db1f458a2ab47f4c637aa) Importer(815301076,1909f56bfc062723c751e8b465ee728b)  -> (artifact id: '5fb3a4e888c20d947ed41e240ae2e01c') in 0.005052 seconds 
========================================================================
Received Import Request.
  Time since last request: 0.001133 seconds.
  path: Assets/Marina_Escenario/AssetsMarina/Barandilla.fbx
  artifactKey: Guid(a9a4e8099d735a14698eff1a7c18df85) Importer(815301076,1909f56bfc062723c751e8b465ee728b)
Start importing Assets/Marina_Escenario/AssetsMarina/Barandilla.fbx using Guid(a9a4e8099d735a14698eff1a7c18df85) Importer(815301076,1909f56bfc062723c751e8b465ee728b)  -> (artifact id: 'e7c6e21ac9a5120d3c9ecc2e56833ed3') in 0.013831 seconds 
========================================================================
Received Import Request.
  Time since last request: 0.000166 seconds.
  path: Assets/Marina_Escenario/AssetsMarina/CajaDefinitiva.fbx
  artifactKey: Guid(23403d93ba35caa49a2b078dfdc60ac7) Importer(815301076,1909f56bfc062723c751e8b465ee728b)
Start importing Assets/Marina_Escenario/AssetsMarina/CajaDefinitiva.fbx using Guid(23403d93ba35caa49a2b078dfdc60ac7) Importer(815301076,1909f56bfc062723c751e8b465ee728b)  -> (artifact id: '12093be1a3b1ae7a6eee55328c96f4b1') in 0.017358 seconds 
========================================================================
Received Import Request.
  Time since last request: 0.000127 seconds.
  path: Assets/Marina_Escenario/AssetsMarina/EstanteriaDefinitiva.fbx
  artifactKey: Guid(27d98fbb73f4c864baac49195643cf00) Importer(815301076,1909f56bfc062723c751e8b465ee728b)
Start importing Assets/Marina_Escenario/AssetsMarina/EstanteriaDefinitiva.fbx using Guid(27d98fbb73f4c864baac49195643cf00) Importer(815301076,1909f56bfc062723c751e8b465ee728b)  -> (artifact id: '29cd8ffbf8969af591c6e81459b6ead8') in 0.015607 seconds 
========================================================================
Received Import Request.
  Time since last request: 0.000134 seconds.
  path: Assets/Marina_Escenario/AssetsMarina/ContenedorDefinitivo.blend
  artifactKey: Guid(735ece0b00524024fac133a9f40423da) Importer(815301076,1909f56bfc062723c751e8b465ee728b)
Start importing Assets/Marina_Escenario/AssetsMarina/ContenedorDefinitivo.blend using Guid(735ece0b00524024fac133a9f40423da) Importer(815301076,1909f56bfc062723c751e8b465ee728b)  -> (artifact id: 'd29b7ca1147bee596292d45d52256a5e') in 0.016644 seconds 
========================================================================
Received Import Request.
  Time since last request: 9.469992 seconds.
  path: Assets/Marina_Escenario/AssetsMarina/LuzAlmacen
  artifactKey: Guid(57e9996c13bcb024fbc9946afefd4dbe) Importer(815301076,1909f56bfc062723c751e8b465ee728b)
Start importing Assets/Marina_Escenario/AssetsMarina/LuzAlmacen using Guid(57e9996c13bcb024fbc9946afefd4dbe) Importer(815301076,1909f56bfc062723c751e8b465ee728b)  -> (artifact id: '3fb4b9113767cfc5829bb76d26346f31') in 0.002301 seconds 
========================================================================
Received Import Request.
  Time since last request: 0.052501 seconds.
  path: Assets/Marina_Escenario/AssetsMarina/LuzAlmacen/LuzAlmacen_Material_AlbedoTransparency.png
  artifactKey: Guid(f761436f6540dc444a27d8a993ff19df) Importer(815301076,1909f56bfc062723c751e8b465ee728b)
Start importing Assets/Marina_Escenario/AssetsMarina/LuzAlmacen/LuzAlmacen_Material_AlbedoTransparency.png using Guid(f761436f6540dc444a27d8a993ff19df) Importer(815301076,1909f56bfc062723c751e8b465ee728b)  -> (artifact id: '6129f81c781dee9de3f3894d77c28e2c') in 0.053962 seconds 
========================================================================
Received Import Request.
  Time since last request: 0.000190 seconds.
  path: Assets/Marina_Escenario/AssetsMarina/LuzAlmacen/LuzAlmacen_Material_Emission.png
  artifactKey: Guid(996d46391c20fc6479178a9e8d5d0fb1) Importer(815301076,1909f56bfc062723c751e8b465ee728b)
Start importing Assets/Marina_Escenario/AssetsMarina/LuzAlmacen/LuzAlmacen_Material_Emission.png using Guid(996d46391c20fc6479178a9e8d5d0fb1) Importer(815301076,1909f56bfc062723c751e8b465ee728b)  -> (artifact id: '31104921d64e4997b70c819ac1a239a1') in 0.011097 seconds 
========================================================================
Received Import Request.
  Time since last request: 0.000129 seconds.
  path: Assets/Marina_Escenario/AssetsMarina/LuzAlmacen/LuzAlmacen_Material_MetallicSmoothness.png
  artifactKey: Guid(77cb826947da41f4cad0f20accb8e390) Importer(815301076,1909f56bfc062723c751e8b465ee728b)
Start importing Assets/Marina_Escenario/AssetsMarina/LuzAlmacen/LuzAlmacen_Material_MetallicSmoothness.png using Guid(77cb826947da41f4cad0f20accb8e390) Importer(815301076,1909f56bfc062723c751e8b465ee728b)  -> (artifact id: '321628a2d525fa7f6827b2a125d15857') in 0.010448 seconds 
========================================================================
Received Import Request.
  Time since last request: 0.000123 seconds.
  path: Assets/Marina_Escenario/AssetsMarina/LuzAlmacen/LuzAlmacen_Material_Normal.png
  artifactKey: Guid(541e1f24e1ccd834f9d8e96746a349e9) Importer(815301076,1909f56bfc062723c751e8b465ee728b)
Start importing Assets/Marina_Escenario/AssetsMarina/LuzAlmacen/LuzAlmacen_Material_Normal.png using Guid(541e1f24e1ccd834f9d8e96746a349e9) Importer(815301076,1909f56bfc062723c751e8b465ee728b)  -> (artifact id: '8fc352c4037ffc80f1860422ef67e705') in 0.010247 seconds 
========================================================================
Received Import Request.
  Time since last request: 8.643169 seconds.
  path: Assets/Marina_Escenario/AssetsMarina/LuzAlmacen/LuzAlmacenM.mat
  artifactKey: Guid(4b099fcc7e81686488bce5c25cb3cbba) Importer(815301076,1909f56bfc062723c751e8b465ee728b)
Start importing Assets/Marina_Escenario/AssetsMarina/LuzAlmacen/LuzAlmacenM.mat using Guid(4b099fcc7e81686488bce5c25cb3cbba) Importer(815301076,1909f56bfc062723c751e8b465ee728b)  -> (artifact id: 'e47211d1fe6688667a13ae8b9f5cd718') in 0.013373 seconds 
========================================================================
Received Import Request.
  Time since last request: 259.393554 seconds.
  path: Assets/Marina_Escenario/AssetsMarina/LuzAlmacen/LuzAlmacenM.mat
  artifactKey: Guid(4b099fcc7e81686488bce5c25cb3cbba) Importer(815301076,1909f56bfc062723c751e8b465ee728b)
Start importing Assets/Marina_Escenario/AssetsMarina/LuzAlmacen/LuzAlmacenM.mat using Guid(4b099fcc7e81686488bce5c25cb3cbba) Importer(815301076,1909f56bfc062723c751e8b465ee728b)  -> (artifact id: 'f82798ce1c780b8c081fb8327649d224') in 0.028279 seconds 
========================================================================
Received Import Request.
  Time since last request: 2.713650 seconds.
  path: Assets/Marina_Escenario/AssetsMarina/LuzAlmacen/LuzAlmacen_Material_Normal.png
  artifactKey: Guid(541e1f24e1ccd834f9d8e96746a349e9) Importer(815301076,1909f56bfc062723c751e8b465ee728b)
Start importing Assets/Marina_Escenario/AssetsMarina/LuzAlmacen/LuzAlmacen_Material_Normal.png using Guid(541e1f24e1ccd834f9d8e96746a349e9) Importer(815301076,1909f56bfc062723c751e8b465ee728b)  -> (artifact id: '682987401d34242f9085a558f82429b2') in 0.010039 seconds 
AssetImportWorkerClient::OnTransportError - code=2 error=End of file
