Using pre-set license
Built from '2020.3/staging' branch; Version is '2020.3.30f1 (1fb1bf06830e) revision 2077119'; Using compiler version '192528614'; Build Type 'Release'
OS: 'Windows 10  (10.0.19043) 64bit Professional' Language: 'es' Physical Memory: 24521 MB
BatchMode: 1, IsHumanControllingUs: 0, StartBugReporterOnCrash: 0, Is64bit: 1, IsPro: 0

COMMAND LINE ARGUMENTS:
X:\Juegos Unity\2020.3.30f1\Editor\Unity.exe
-adb2
-batchMode
-noUpm
-name
AssetImportWorker0
-projectPath
X:/Users/xavie/Documents/GitHub/Practica2_3D/New Unity Project
-logFile
Logs/AssetImportWorker0.log
-srvPort
60188
Successfully changed project path to: X:/Users/xavie/Documents/GitHub/Practica2_3D/New Unity Project
X:/Users/xavie/Documents/GitHub/Practica2_3D/New Unity Project
Using Asset Import Pipeline V2.
Refreshing native plugins compatible for Editor in 27.21 ms, found 2 plugins.
Preloading 0 native plugins for Editor in 0.00 ms.
Initialize engine version: 2020.3.30f1 (1fb1bf06830e)
[Subsystems] Discovering subsystems at path X:/Juegos Unity/2020.3.30f1/Editor/Data/Resources/UnitySubsystems
[Subsystems] Discovering subsystems at path X:/Users/xavie/Documents/GitHub/Practica2_3D/New Unity Project/Assets
GfxDevice: creating device client; threaded=0
Direct3D:
    Version:  Direct3D 11.0 [level 11.1]
    Renderer: NVIDIA GeForce GTX 1050 Ti (ID=0x1c82)
    Vendor:   
    VRAM:     4018 MB
    Driver:   27.21.14.6192
Initialize mono
Mono path[0] = 'X:/Juegos Unity/2020.3.30f1/Editor/Data/Managed'
Mono path[1] = 'X:/Juegos Unity/2020.3.30f1/Editor/Data/MonoBleedingEdge/lib/mono/unityjit'
Mono config path = 'X:/Juegos Unity/2020.3.30f1/Editor/Data/MonoBleedingEdge/etc'
Using monoOptions --debugger-agent=transport=dt_socket,embedding=1,server=y,suspend=n,address=127.0.0.1:56888
Begin MonoManager ReloadAssembly
Registering precompiled unity dll's ...
Register platform support module: X:/Juegos Unity/2020.3.30f1/Editor/Data/PlaybackEngines/WindowsStandaloneSupport/UnityEditor.WindowsStandalone.Extensions.dll
Registered in 0.002622 seconds.
Native extension for WindowsStandalone target not found
Refreshing native plugins compatible for Editor in 26.43 ms, found 2 plugins.
Preloading 0 native plugins for Editor in 0.00 ms.
Mono: successfully reloaded assembly
- Completed reload, in  0.503 seconds
Domain Reload Profiling:
	ReloadAssembly (503ms)
		BeginReloadAssembly (68ms)
			ExecutionOrderSort (0ms)
			DisableScriptedObjects (0ms)
			BackupInstance (0ms)
			ReleaseScriptingObjects (0ms)
			CreateAndSetChildDomain (1ms)
		EndReloadAssembly (369ms)
			LoadAssemblies (65ms)
			RebuildTransferFunctionScriptingTraits (0ms)
			SetupTypeCache (124ms)
			ReleaseScriptCaches (0ms)
			RebuildScriptCaches (26ms)
			SetupLoadedEditorAssemblies (133ms)
				LogAssemblyErrors (0ms)
				InitializePlatformSupportModulesInManaged (3ms)
				SetLoadedEditorAssemblies (0ms)
				RefreshPlugins (26ms)
				BeforeProcessingInitializeOnLoad (14ms)
				ProcessInitializeOnLoadAttributes (66ms)
				ProcessInitializeOnLoadMethodAttributes (23ms)
				AfterProcessingInitializeOnLoad (0ms)
				EditorAssembliesLoaded (0ms)
			ExecutionOrderSort2 (0ms)
			AwakeInstancesAfterBackupRestoration (0ms)
Platform modules already initialized, skipping
Registering precompiled user dll's ...
Registered in 0.003317 seconds.
Begin MonoManager ReloadAssembly
Native extension for WindowsStandalone target not found
Refreshing native plugins compatible for Editor in 0.30 ms, found 2 plugins.
Preloading 0 native plugins for Editor in 0.00 ms.
Mono: successfully reloaded assembly
- Completed reload, in  0.874 seconds
Domain Reload Profiling:
	ReloadAssembly (875ms)
		BeginReloadAssembly (138ms)
			ExecutionOrderSort (0ms)
			DisableScriptedObjects (4ms)
			BackupInstance (0ms)
			ReleaseScriptingObjects (0ms)
			CreateAndSetChildDomain (15ms)
		EndReloadAssembly (679ms)
			LoadAssemblies (94ms)
			RebuildTransferFunctionScriptingTraits (0ms)
			SetupTypeCache (226ms)
			ReleaseScriptCaches (0ms)
			RebuildScriptCaches (34ms)
			SetupLoadedEditorAssemblies (263ms)
				LogAssemblyErrors (0ms)
				InitializePlatformSupportModulesInManaged (4ms)
				SetLoadedEditorAssemblies (0ms)
				RefreshPlugins (0ms)
				BeforeProcessingInitializeOnLoad (72ms)
				ProcessInitializeOnLoadAttributes (170ms)
				ProcessInitializeOnLoadMethodAttributes (8ms)
				AfterProcessingInitializeOnLoad (9ms)
				EditorAssembliesLoaded (0ms)
			ExecutionOrderSort2 (0ms)
			AwakeInstancesAfterBackupRestoration (5ms)
Platform modules already initialized, skipping
========================================================================
Worker process is ready to serve import requests
Launched and connected shader compiler UnityShaderCompiler.exe after 0.06 seconds
Refreshing native plugins compatible for Editor in 0.29 ms, found 2 plugins.
Preloading 0 native plugins for Editor in 0.00 ms.
Unloading 1502 Unused Serialized files (Serialized files now loaded: 0)
System memory in use before: 69.3 MB.
System memory in use after: 69.4 MB.

Unloading 16 unused Assets to reduce memory usage. Loaded Objects now: 1938.
Total: 2.371300 ms (FindLiveObjects: 0.105100 ms CreateObjectMapping: 0.038100 ms MarkObjects: 2.175400 ms  DeleteObjects: 0.052000 ms)

AssetImportParameters requested are different than current active one (requested -> active):
  custom:framework-win-MediaFoundation: 216162199b28c13a410421893ffa2e32 -> 
  custom:video-decoder-ogg-theora: a1e56fd34408186e4bbccfd4996cb3dc -> 
  custom:container-muxer-webm: aa71ff27fc2769a1b78a27578f13a17b -> 
  custom:container-demuxer-webm: 4f35f7cbe854078d1ac9338744f61a02 -> 
  custom:container-demuxer-ogg: 62fdf1f143b41e24485cea50d1cbac27 -> 
  custom:video-encoder-webm-vp8: eb34c28f22e8b96e1ab97ce403110664 -> 
  custom:video-codec-MediaFoundation-h265: 746d11721c4dcdbdad8f713fa42b33f4 -> 
  custom:video-decoder-webm-vp8: 9c59270c3fd7afecdb556c50c9e8de78 -> 
  custom:audio-decoder-ogg-vorbis: bf7c407c2cedff20999df2af8eb42d56 -> 
  custom:audio-encoder-webm-vorbis: bf7c407c2cedff20999df2af8eb42d56 -> 
========================================================================
Received Import Request.
  path: Assets/Assets_Xavi/mid uvs substance.fbx
  artifactKey: Guid(cb2dda6854e1e064c92dd4bf0207788e) Importer(815301076,1909f56bfc062723c751e8b465ee728b)
Start importing Assets/Assets_Xavi/mid uvs substance.fbx using Guid(cb2dda6854e1e064c92dd4bf0207788e) Importer(815301076,1909f56bfc062723c751e8b465ee728b)  -> (artifact id: '3e8acbc440afa8a4a069a0b22b9e4aac') in 0.389984 seconds 
========================================================================
Received Import Request.
  Time since last request: 67.255239 seconds.
  path: Assets/Assets_Xavi/Assets/Bookshelves/estanteria uvs.fbx
  artifactKey: Guid(ffcaa3400757e2f4387f8d71c7282455) Importer(815301076,1909f56bfc062723c751e8b465ee728b)
Start importing Assets/Assets_Xavi/Assets/Bookshelves/estanteria uvs.fbx using Guid(ffcaa3400757e2f4387f8d71c7282455) Importer(815301076,1909f56bfc062723c751e8b465ee728b)  -> (artifact id: 'a2fc1b98b6fe8a9b77e6bad746deba6a') in 0.289501 seconds 
========================================================================
Received Import Request.
  Time since last request: 0.000168 seconds.
  path: Assets/Assets_Xavi/Assets/Bookshelves/estanteria uvs_DefaultMaterial_BaseMap.png
  artifactKey: Guid(a17a62af64d8d804ba7026962e281de6) Importer(815301076,1909f56bfc062723c751e8b465ee728b)
Start importing Assets/Assets_Xavi/Assets/Bookshelves/estanteria uvs_DefaultMaterial_BaseMap.png using Guid(a17a62af64d8d804ba7026962e281de6) Importer(815301076,1909f56bfc062723c751e8b465ee728b)  -> (artifact id: '233b3040a7df3cd4003e5639b8e5ebfd') in 0.026898 seconds 
========================================================================
Received Import Request.
  Time since last request: 0.000177 seconds.
  path: Assets/Assets_Xavi/Assets/Bookshelves/estanteria uvs_DefaultMaterial_Normal.png
  artifactKey: Guid(1732814b40683a64d8acbe04251a6469) Importer(815301076,1909f56bfc062723c751e8b465ee728b)
Start importing Assets/Assets_Xavi/Assets/Bookshelves/estanteria uvs_DefaultMaterial_Normal.png using Guid(1732814b40683a64d8acbe04251a6469) Importer(815301076,1909f56bfc062723c751e8b465ee728b)  -> (artifact id: '78a0b03d55f5e8be5bc727908f77da97') in 0.036788 seconds 
========================================================================
Received Import Request.
  Time since last request: 0.000171 seconds.
  path: Assets/Assets_Xavi/Assets/Bookshelves/estanteria uvs_DefaultMaterial_MaskMap.png
  artifactKey: Guid(f6ae50344a046bf47bb85087452552c4) Importer(815301076,1909f56bfc062723c751e8b465ee728b)
Start importing Assets/Assets_Xavi/Assets/Bookshelves/estanteria uvs_DefaultMaterial_MaskMap.png using Guid(f6ae50344a046bf47bb85087452552c4) Importer(815301076,1909f56bfc062723c751e8b465ee728b)  -> (artifact id: '719de26571c0c7ca77939a84e894f288') in 0.013743 seconds 
========================================================================
Received Import Request.
  Time since last request: 0.000187 seconds.
  path: Assets/Assets_Xavi/Assets/Bookshelves/estanteria_mat.mat
  artifactKey: Guid(b387a87676691834da4352d9539716ee) Importer(815301076,1909f56bfc062723c751e8b465ee728b)
Start importing Assets/Assets_Xavi/Assets/Bookshelves/estanteria_mat.mat using Guid(b387a87676691834da4352d9539716ee) Importer(815301076,1909f56bfc062723c751e8b465ee728b)  -> (artifact id: '041b9e5149187d4237aece907ad10795') in 0.121409 seconds 
========================================================================
Received Import Request.
  Time since last request: 39.818334 seconds.
  path: Assets/Assets_Xavi/mid uvs_DefaultMaterial_BaseMap.png
  artifactKey: Guid(39571fca76598d44aa495700299d1514) Importer(815301076,1909f56bfc062723c751e8b465ee728b)
Start importing Assets/Assets_Xavi/mid uvs_DefaultMaterial_BaseMap.png using Guid(39571fca76598d44aa495700299d1514) Importer(815301076,1909f56bfc062723c751e8b465ee728b)  -> (artifact id: 'd4b2d225dd2d51d366d229ae358f3603') in 0.014504 seconds 
========================================================================
Received Import Request.
  Time since last request: 0.000208 seconds.
  path: Assets/Assets_Xavi/mid uvs_DefaultMaterial_Normal.png
  artifactKey: Guid(d2b1d57d42e6a5d42a5d9fd759241842) Importer(815301076,1909f56bfc062723c751e8b465ee728b)
Start importing Assets/Assets_Xavi/mid uvs_DefaultMaterial_Normal.png using Guid(d2b1d57d42e6a5d42a5d9fd759241842) Importer(815301076,1909f56bfc062723c751e8b465ee728b)  -> (artifact id: '60640f10e658c4aa620a57314eec6a5e') in 0.011863 seconds 
========================================================================
Received Import Request.
  Time since last request: 0.000163 seconds.
  path: Assets/Assets_Xavi/mid uvs_DefaultMaterial_MaskMap.png
  artifactKey: Guid(797cd70138e9bc2469357a38779cabd8) Importer(815301076,1909f56bfc062723c751e8b465ee728b)
Start importing Assets/Assets_Xavi/mid uvs_DefaultMaterial_MaskMap.png using Guid(797cd70138e9bc2469357a38779cabd8) Importer(815301076,1909f56bfc062723c751e8b465ee728b)  -> (artifact id: 'bd475bd5070bacab0c234909d5868486') in 0.016614 seconds 
========================================================================
Received Import Request.
  Time since last request: 12.597817 seconds.
  path: Assets/Assets_Xavi/mid_mat.mat
  artifactKey: Guid(7022efc78b822254fb99123148963fac) Importer(815301076,1909f56bfc062723c751e8b465ee728b)
Start importing Assets/Assets_Xavi/mid_mat.mat using Guid(7022efc78b822254fb99123148963fac) Importer(815301076,1909f56bfc062723c751e8b465ee728b)  -> (artifact id: 'f3601caaa863008a57554fb7c292bedc') in 0.009823 seconds 
========================================================================
Received Import Request.
  Time since last request: 9.814288 seconds.
  path: Assets/Assets_Xavi/mid uvs_DefaultMaterial_Normal.png
  artifactKey: Guid(d2b1d57d42e6a5d42a5d9fd759241842) Importer(815301076,1909f56bfc062723c751e8b465ee728b)
Start importing Assets/Assets_Xavi/mid uvs_DefaultMaterial_Normal.png using Guid(d2b1d57d42e6a5d42a5d9fd759241842) Importer(815301076,1909f56bfc062723c751e8b465ee728b)  -> (artifact id: '2a340cb41f81878af6e9aa8dedec0b85') in 0.011188 seconds 
========================================================================
Received Import Request.
  Time since last request: 389.574377 seconds.
  path: Assets/Assets_Xavi/mid_mat.mat
  artifactKey: Guid(7022efc78b822254fb99123148963fac) Importer(815301076,1909f56bfc062723c751e8b465ee728b)
Start importing Assets/Assets_Xavi/mid_mat.mat using Guid(7022efc78b822254fb99123148963fac) Importer(815301076,1909f56bfc062723c751e8b465ee728b)  -> (artifact id: 'abf9c6c4b73354d3d277eacdc3ea9e57') in 0.021548 seconds 
AssetImportWorkerClient::OnTransportError - code=2 error=End of file
